{"/Users/naraharibharadwaj/emissary-projects/spotify_client/src/components/App/index.js": {"path":"/Users/naraharibharadwaj/emissary-projects/spotify_client/src/components/App/index.js","statementMap":{"0":{"start":{"line":6,"column":1},"end":{"line":6,"column":32}}},"fnMap":{"0":{"name":"App","decl":{"start":{"line":5,"column":9},"end":{"line":5,"column":12}},"loc":{"start":{"line":5,"column":27},"end":{"line":7,"column":1}},"line":5}},"branchMap":{},"s":{"0":1},"f":{"0":1},"b":{},"_coverageSchema":"332fd63041d2c1bcb487cc26dd0d5f7d97098a6c","hash":"1728903ed28fdcee0f4251e2c489324318a880cf"}
}
